Log file open, 05/29/20 13:27:43
LogInit: Display: Running engine for game: Tamba_Reen
LogPlatformFile: Not using cached read wrapper
LogTaskGraph: Started task graph with 5 named threads and 35 total threads with 3 sets of task threads.
LogStats: Stats thread started at 0.098220
LogD3D11RHI: Loaded GFSDK_Aftermath_Lib.x64.dll
LogICUInternationalization: ICU TimeZone Detection - Raw Offset: +10:00, Platform Override: ''
LogPluginManager: Mounting plugin Paper2D
LogPluginManager: Mounting plugin AISupport
LogPluginManager: Mounting plugin LightPropagationVolume
LogPluginManager: Mounting plugin CameraShakePreviewer
LogPluginManager: Mounting plugin ActorLayerUtilities
LogPluginManager: Mounting plugin AnimationSharing
LogPluginManager: Mounting plugin CLionSourceCodeAccess
LogPluginManager: Mounting plugin CodeLiteSourceCodeAccess
LogPluginManager: Mounting plugin GitSourceControl
LogPluginManager: Mounting plugin KDevelopSourceCodeAccess
LogPluginManager: Mounting plugin NullSourceCodeAccess
LogPluginManager: Mounting plugin PerforceSourceControl
LogPluginManager: Mounting plugin PlasticSourceControl
LogPluginManager: Mounting plugin RiderSourceCodeAccess
LogPluginManager: Mounting plugin SubversionSourceControl
LogPluginManager: Mounting plugin UObjectPlugin
LogPluginManager: Mounting plugin VisualStudioCodeSourceCodeAccess
LogPluginManager: Mounting plugin VisualStudioSourceCodeAccess
LogPluginManager: Mounting plugin XCodeSourceCodeAccess
LogPluginManager: Mounting plugin AssetManagerEditor
LogPluginManager: Mounting plugin CryptoKeys
LogPluginManager: Mounting plugin CurveEditorTools
LogPluginManager: Mounting plugin DataValidation
LogPluginManager: Mounting plugin EditorScriptingUtilities
LogPluginManager: Mounting plugin FacialAnimation
LogPluginManager: Mounting plugin GameplayTagsEditor
LogPluginManager: Mounting plugin GeometryMode
LogPluginManager: Mounting plugin MacGraphicsSwitching
LogPluginManager: Mounting plugin MaterialAnalyzer
LogPluginManager: Mounting plugin MobileLauncherProfileWizard
LogPluginManager: Mounting plugin PluginBrowser
LogPluginManager: Mounting plugin SpeedTreeImporter
LogPluginManager: Mounting plugin DatasmithContent
LogPluginManager: Mounting plugin VariantManagerContent
LogPluginManager: Mounting plugin AlembicImporter
LogPluginManager: Mounting plugin AutomationUtils
LogPluginManager: Mounting plugin BackChannel
LogPluginManager: Mounting plugin ChaosCloth
LogPluginManager: Mounting plugin ChaosClothEditor
LogPluginManager: Mounting plugin ChaosEditor
LogPluginManager: Mounting plugin ChaosNiagara
LogPluginManager: Mounting plugin ChaosSolverPlugin
LogPluginManager: Mounting plugin CharacterAI
LogPluginManager: Mounting plugin GeometryCache
LogPluginManager: Mounting plugin GeometryCollectionPlugin
LogPluginManager: Mounting plugin GeometryProcessing
LogPluginManager: Mounting plugin PlanarCut
LogPluginManager: Mounting plugin PlatformCrypto
LogPluginManager: Mounting plugin ProxyLODPlugin
LogPluginManager: Mounting plugin SkeletalReduction
LogPluginManager: Mounting plugin Niagara
LogPluginManager: Mounting plugin MagicLeap
LogPluginManager: Mounting plugin MagicLeapLightEstimation
LogPluginManager: Mounting plugin MagicLeapMedia
LogPluginManager: Mounting plugin MagicLeapPassableWorld
LogPluginManager: Mounting plugin MLSDK
LogPluginManager: Mounting plugin AndroidMedia
LogPluginManager: Mounting plugin AvfMedia
LogPluginManager: Mounting plugin ImgMedia
LogPluginManager: Mounting plugin MediaCompositing
LogPluginManager: Mounting plugin MediaPlayerEditor
LogPluginManager: Mounting plugin WebMMedia
LogPluginManager: Mounting plugin WmfMedia
LogPluginManager: Mounting plugin MeshPainting
LogPluginManager: Mounting plugin TcpMessaging
LogPluginManager: Mounting plugin UdpMessaging
LogPluginManager: Mounting plugin ActorSequence
LogPluginManager: Mounting plugin LevelSequenceEditor
LogPluginManager: Mounting plugin MatineeToLevelSequence
LogPluginManager: Mounting plugin MovieRenderPipeline
LogPluginManager: Mounting plugin TemplateSequence
LogPluginManager: Mounting plugin NetcodeUnitTest
LogPluginManager: Mounting plugin NUTUnrealEngine4
LogPluginManager: Mounting plugin OnlineSubsystemGooglePlay
LogPluginManager: Mounting plugin OnlineSubsystemIOS
LogPluginManager: Mounting plugin OnlineSubsystem
LogPluginManager: Mounting plugin OnlineSubsystemNull
LogPluginManager: Mounting plugin OnlineSubsystemUtils
LogPluginManager: Mounting plugin LauncherChunkInstaller
LogPluginManager: Mounting plugin AndroidDeviceProfileSelector
LogPluginManager: Mounting plugin AndroidMoviePlayer
LogPluginManager: Mounting plugin AndroidPermission
LogPluginManager: Mounting plugin AppleImageUtils
LogPluginManager: Mounting plugin AppleMoviePlayer
LogPluginManager: Mounting plugin ArchVisCharacter
LogPluginManager: Mounting plugin AssetTags
LogPluginManager: Mounting plugin AudioCapture
LogPluginManager: Mounting plugin CableComponent
LogPluginManager: Mounting plugin CustomMeshComponent
LogPluginManager: Mounting plugin EditableMesh
LogPluginManager: Mounting plugin ExampleDeviceProfileSelector
LogPluginManager: Mounting plugin GoogleCloudMessaging
LogPluginManager: Mounting plugin GooglePAD
LogPluginManager: Mounting plugin IOSDeviceProfileSelector
LogPluginManager: Mounting plugin LinuxDeviceProfileSelector
LogPluginManager: Mounting plugin LocationServicesBPLibrary
LogPluginManager: Mounting plugin MobilePatchingUtils
LogPluginManager: Mounting plugin OculusVR
LogPluginManager: Mounting plugin PhysXVehicles
LogPluginManager: Mounting plugin PostSplashScreen
LogPluginManager: Mounting plugin ProceduralMeshComponent
LogPluginManager: Mounting plugin RuntimePhysXCooking
LogPluginManager: Mounting plugin SignificanceManager
LogPluginManager: Mounting plugin SoundFields
LogPluginManager: Mounting plugin SteamVR
LogPluginManager: Mounting plugin Synthesis
LogPluginManager: Mounting plugin WebMMoviePlayer
LogPluginManager: Mounting plugin WindowsMoviePlayer
LogPluginManager: Mounting plugin ScreenshotTools
LogInit: Using libcurl 7.55.1-DEV
LogInit:  - built for x86_64-pc-win32
LogInit:  - supports SSL with OpenSSL/1.1.1
LogInit:  - supports HTTP deflate (compression) using libz 1.2.8
LogInit:  - other features:
LogInit:      CURL_VERSION_SSL
LogInit:      CURL_VERSION_LIBZ
LogInit:      CURL_VERSION_IPV6
LogInit:      CURL_VERSION_ASYNCHDNS
LogInit:      CURL_VERSION_LARGEFILE
LogInit:      CURL_VERSION_IDN
LogInit:  CurlRequestOptions (configurable via config and command line):
LogInit:  - bVerifyPeer = true  - Libcurl will verify peer certificate
LogInit:  - bUseHttpProxy = false  - Libcurl will NOT use HTTP proxy
LogInit:  - bDontReuseConnections = false  - Libcurl will reuse connections
LogInit:  - MaxHostConnections = 16  - Libcurl will limit the number of connections to a host
LogInit:  - LocalHostAddr = Default
LogInit:  - BufferSize = 65536
LogOnline: OSS: Creating online subsystem instance for: NULL
LogInit: WinSock: version 1.1 (2.2), MaxSocks=32767, MaxUdp=65467
LogOnline: OSS: TryLoadSubsystemAndSetDefault: Loaded subsystem for module [NULL]
LogInit: Build: ++UE4+Release-4.25-CL-13144385
LogInit: Engine Version: 4.25.0-13144385+++UE4+Release-4.25
LogInit: Compatible Engine Version: 4.25.0-13144385+++UE4+Release-4.25
LogInit: Net CL: 13144385
LogInit: OS: Windows 10 (Release 1909) (), CPU: Intel(R) Core(TM) i7-9750H CPU @ 2.60GHz, GPU: Intel(R) UHD Graphics 630
LogInit: Compiled (64-bit): May  2 2020 02:12:11
LogInit: Compiled with Visual C++: 19.24.28315.00
LogInit: Build Configuration: Development
LogInit: Branch Name: ++UE4+Release-4.25
LogInit: Command Line:  -EpicPortal -epicusername=elvisbosek -epicuserid=3230ef9fac234ceeb1f2a58ef596cecc -epiclocale=en
LogInit: Base Directory: C:/Program Files/Epic Games/UE_4.25/Engine/Binaries/Win64/
LogInit: Allocator: TBB
LogInit: Installed Engine Build: 1
LogDevObjectVersion: Number of dev versions registered: 26
LogDevObjectVersion:   Dev-Blueprints (B0D832E4-1F89-4F0D-ACCF-7EB736FD4AA2): 10
LogDevObjectVersion:   Dev-Build (E1C64328-A22C-4D53-A36C-8E866417BD8C): 0
LogDevObjectVersion:   Dev-Core (375EC13C-06E4-48FB-B500-84F0262A717E): 4
LogDevObjectVersion:   Dev-Editor (E4B068ED-F494-42E9-A231-DA0B2E46BB41): 38
LogDevObjectVersion:   Dev-Framework (CFFC743F-43B0-4480-9391-14DF171D2073): 37
LogDevObjectVersion:   Dev-Mobile (B02B49B5-BB20-44E9-A304-32B752E40360): 2
LogDevObjectVersion:   Dev-Networking (A4E4105C-59A1-49B5-A7C5-40C4547EDFEE): 0
LogDevObjectVersion:   Dev-Online (39C831C9-5AE6-47DC-9A44-9C173E1C8E7C): 0
LogDevObjectVersion:   Dev-Physics (78F01B33-EBEA-4F98-B9B4-84EACCB95AA2): 4
LogDevObjectVersion:   Dev-Platform (6631380F-2D4D-43E0-8009-CF276956A95A): 0
LogDevObjectVersion:   Dev-Rendering (12F88B9F-8875-4AFC-A67C-D90C383ABD29): 43
LogDevObjectVersion:   Dev-Sequencer (7B5AE74C-D270-4C10-A958-57980B212A5A): 12
LogDevObjectVersion:   Dev-VR (D7296918-1DD6-4BDD-9DE2-64A83CC13884): 3
LogDevObjectVersion:   Dev-LoadTimes (C2A15278-BFE7-4AFE-6C17-90FF531DF755): 1
LogDevObjectVersion:   Private-Geometry (6EACA3D4-40EC-4CC1-B786-8BED09428FC5): 3
LogDevObjectVersion:   Dev-AnimPhys (29E575DD-E0A3-4627-9D10-D276232CDCEA): 17
LogDevObjectVersion:   Dev-Anim (AF43A65D-7FD3-4947-9873-3E8ED9C1BB05): 7
LogDevObjectVersion:   Dev-ReflectionCapture (6B266CEC-1EC7-4B8F-A30B-E4D90942FC07): 1
LogDevObjectVersion:   Dev-Automation (0DF73D61-A23F-47EA-B727-89E90C41499A): 1
LogDevObjectVersion:   FortniteMain (601D1886-AC64-4F84-AA16-D3DE0DEAC7D6): 31
LogDevObjectVersion:   Dev-Enterprise (9DFFBCD6-494F-0158-E221-12823C92A888): 10
LogDevObjectVersion:   Dev-Niagara (F2AED0AC-9AFE-416F-8664-AA7FFA26D6FC): 1
LogDevObjectVersion:   Dev-Destruction (174F1F0B-B4C6-45A5-B13F-2EE8D0FB917D): 10
LogDevObjectVersion:   Dev-Physics-Ext (35F94A83-E258-406C-A318-09F59610247C): 37
LogDevObjectVersion:   Dev-PhysicsMaterial-Chaos (B68FC16E-8B1B-42E2-B453-215C058844FE): 1
LogDevObjectVersion:   Dev-CineCamera (B2E18506-4273-CFC2-A54E-F4BB758BBA07): 1
LogInit: Presizing for max 25165824 objects, including 0 objects not considered by GC, pre-allocating 0 bytes for permanent pool.
LogConfig: Applying CVar settings from Section [/Script/Engine.StreamingSettings] File [C:/Users/elvis/Documents/GitHub/GameJam20/GameJam20/Tamba_Reen/Saved/Config/Windows/Engine.ini]
LogConfig: Setting CVar [[s.MinBulkDataSizeForAsyncLoading:131072]]
LogConfig: Setting CVar [[s.AsyncLoadingThreadEnabled:0]]
LogConfig: Setting CVar [[s.EventDrivenLoaderEnabled:1]]
LogConfig: Setting CVar [[s.WarnIfTimeLimitExceeded:0]]
LogConfig: Setting CVar [[s.TimeLimitExceededMultiplier:1.5]]
LogConfig: Setting CVar [[s.TimeLimitExceededMinTime:0.005]]
LogConfig: Setting CVar [[s.UseBackgroundLevelStreaming:1]]
LogConfig: Setting CVar [[s.PriorityAsyncLoadingExtraTime:15.0]]
LogConfig: Setting CVar [[s.LevelStreamingActorsUpdateTimeLimit:5.0]]
LogConfig: Setting CVar [[s.PriorityLevelStreamingActorsUpdateExtraTime:5.0]]
LogConfig: Setting CVar [[s.LevelStreamingComponentsRegistrationGranularity:10]]
LogConfig: Setting CVar [[s.UnregisterComponentsTimeLimit:1.0]]
LogConfig: Setting CVar [[s.LevelStreamingComponentsUnregistrationGranularity:5]]
LogConfig: Setting CVar [[s.FlushStreamingOnExit:1]]
LogInit: Object subsystem initialized
LogConfig: Setting CVar [[con.DebugEarlyDefault:1]]
LogConfig: Setting CVar [[r.setres:1280x720]]
[2020.05.29-03.27.43:430][  0]LogConfig: Setting CVar [[r.VSync:0]]
[2020.05.29-03.27.43:430][  0]LogConfig: Setting CVar [[r.RHICmdBypass:0]]
[2020.05.29-03.27.43:430][  0]LogConfig: Applying CVar settings from Section [/Script/Engine.RendererSettings] File [C:/Users/elvis/Documents/GitHub/GameJam20/GameJam20/Tamba_Reen/Saved/Config/Windows/Engine.ini]
[2020.05.29-03.27.43:430][  0]LogConfig: Setting CVar [[r.GPUCrashDebugging:0]]
[2020.05.29-03.27.43:430][  0]LogConfig: Applying CVar settings from Section [/Script/Engine.RendererOverrideSettings] File [C:/Users/elvis/Documents/GitHub/GameJam20/GameJam20/Tamba_Reen/Saved/Config/Windows/Engine.ini]
[2020.05.29-03.27.43:430][  0]LogConfig: Applying CVar settings from Section [/Script/Engine.StreamingSettings] File [C:/Users/elvis/Documents/GitHub/GameJam20/GameJam20/Tamba_Reen/Saved/Config/Windows/Engine.ini]
[2020.05.29-03.27.43:430][  0]LogConfig: Setting CVar [[s.MinBulkDataSizeForAsyncLoading:131072]]
[2020.05.29-03.27.43:430][  0]LogConfig: Setting CVar [[s.AsyncLoadingThreadEnabled:0]]
[2020.05.29-03.27.43:430][  0]LogConfig: Setting CVar [[s.EventDrivenLoaderEnabled:1]]
[2020.05.29-03.27.43:430][  0]LogConfig: Setting CVar [[s.WarnIfTimeLimitExceeded:0]]
[2020.05.29-03.27.43:430][  0]LogConfig: Setting CVar [[s.TimeLimitExceededMultiplier:1.5]]
[2020.05.29-03.27.43:430][  0]LogConfig: Setting CVar [[s.TimeLimitExceededMinTime:0.005]]
[2020.05.29-03.27.43:430][  0]LogConfig: Setting CVar [[s.UseBackgroundLevelStreaming:1]]
[2020.05.29-03.27.43:430][  0]LogConfig: Setting CVar [[s.PriorityAsyncLoadingExtraTime:15.0]]
[2020.05.29-03.27.43:430][  0]LogConfig: Setting CVar [[s.LevelStreamingActorsUpdateTimeLimit:5.0]]
[2020.05.29-03.27.43:430][  0]LogConfig: Setting CVar [[s.PriorityLevelStreamingActorsUpdateExtraTime:5.0]]
[2020.05.29-03.27.43:430][  0]LogConfig: Setting CVar [[s.LevelStreamingComponentsRegistrationGranularity:10]]
[2020.05.29-03.27.43:430][  0]LogConfig: Setting CVar [[s.UnregisterComponentsTimeLimit:1.0]]
[2020.05.29-03.27.43:430][  0]LogConfig: Setting CVar [[s.LevelStreamingComponentsUnregistrationGranularity:5]]
[2020.05.29-03.27.43:430][  0]LogConfig: Setting CVar [[s.FlushStreamingOnExit:1]]
[2020.05.29-03.27.43:430][  0]LogConfig: Applying CVar settings from Section [/Script/Engine.GarbageCollectionSettings] File [C:/Users/elvis/Documents/GitHub/GameJam20/GameJam20/Tamba_Reen/Saved/Config/Windows/Engine.ini]
[2020.05.29-03.27.43:430][  0]LogConfig: Setting CVar [[gc.MaxObjectsNotConsideredByGC:1]]
[2020.05.29-03.27.43:430][  0]LogConfig: Setting CVar [[gc.SizeOfPermanentObjectPool:0]]
[2020.05.29-03.27.43:430][  0]LogConfig: Setting CVar [[gc.FlushStreamingOnGC:0]]
[2020.05.29-03.27.43:430][  0]LogConfig: Setting CVar [[gc.NumRetriesBeforeForcingGC:10]]
[2020.05.29-03.27.43:430][  0]LogConfig: Setting CVar [[gc.AllowParallelGC:1]]
[2020.05.29-03.27.43:430][  0]LogConfig: Setting CVar [[gc.TimeBetweenPurgingPendingKillObjects:61.1]]
[2020.05.29-03.27.43:430][  0]LogConfig: Setting CVar [[gc.MaxObjectsInEditor:25165824]]
[2020.05.29-03.27.43:430][  0]LogConfig: Setting CVar [[gc.IncrementalBeginDestroyEnabled:1]]
[2020.05.29-03.27.43:430][  0]LogConfig: Setting CVar [[gc.CreateGCClusters:1]]
[2020.05.29-03.27.43:430][  0]LogConfig: Setting CVar [[gc.MinGCClusterSize:5]]
[2020.05.29-03.27.43:430][  0]LogConfig: Setting CVar [[gc.ActorClusteringEnabled:0]]
[2020.05.29-03.27.43:430][  0]LogConfig: Setting CVar [[gc.BlueprintClusteringEnabled:0]]
[2020.05.29-03.27.43:430][  0]LogConfig: Setting CVar [[gc.UseDisregardForGCOnDedicatedServers:0]]
[2020.05.29-03.27.43:430][  0]LogConfig: Applying CVar settings from Section [/Script/Engine.NetworkSettings] File [C:/Users/elvis/Documents/GitHub/GameJam20/GameJam20/Tamba_Reen/Saved/Config/Windows/Engine.ini]
[2020.05.29-03.27.43:430][  0]LogConfig: Applying CVar settings from Section [/Script/UnrealEd.CookerSettings] File [C:/Users/elvis/Documents/GitHub/GameJam20/GameJam20/Tamba_Reen/Saved/Config/Windows/Engine.ini]
[2020.05.29-03.27.43:434][  0]LogConfig: Applying CVar settings from Section [ViewDistanceQuality@3] File [C:/Users/elvis/Documents/GitHub/GameJam20/GameJam20/Tamba_Reen/Saved/Config/Windows/Scalability.ini]
[2020.05.29-03.27.43:434][  0]LogConfig: Setting CVar [[r.SkeletalMeshLODBias:0]]
[2020.05.29-03.27.43:434][  0]LogConfig: Setting CVar [[r.ViewDistanceScale:1.0]]
[2020.05.29-03.27.43:434][  0]LogConfig: Applying CVar settings from Section [AntiAliasingQuality@3] File [C:/Users/elvis/Documents/GitHub/GameJam20/GameJam20/Tamba_Reen/Saved/Config/Windows/Scalability.ini]
[2020.05.29-03.27.43:434][  0]LogConfig: Setting CVar [[r.PostProcessAAQuality:4]]
[2020.05.29-03.27.43:434][  0]LogConfig: Applying CVar settings from Section [ShadowQuality@3] File [C:/Users/elvis/Documents/GitHub/GameJam20/GameJam20/Tamba_Reen/Saved/Config/Windows/Scalability.ini]
[2020.05.29-03.27.43:434][  0]LogConfig: Setting CVar [[r.LightFunctionQuality:1]]
[2020.05.29-03.27.43:434][  0]LogConfig: Setting CVar [[r.ShadowQuality:5]]
[2020.05.29-03.27.43:434][  0]LogConfig: Setting CVar [[r.Shadow.CSM.MaxCascades:10]]
[2020.05.29-03.27.43:434][  0]LogConfig: Setting CVar [[r.Shadow.MaxResolution:2048]]
[2020.05.29-03.27.43:434][  0]LogConfig: Setting CVar [[r.Shadow.MaxCSMResolution:2048]]
[2020.05.29-03.27.43:434][  0]LogConfig: Setting CVar [[r.Shadow.RadiusThreshold:0.01]]
[2020.05.29-03.27.43:434][  0]LogConfig: Setting CVar [[r.Shadow.DistanceScale:1.0]]
[2020.05.29-03.27.43:434][  0]LogConfig: Setting CVar [[r.Shadow.CSM.TransitionScale:1.0]]
[2020.05.29-03.27.43:434][  0]LogConfig: Setting CVar [[r.Shadow.PreShadowResolutionFactor:1.0]]
[2020.05.29-03.27.43:434][  0]LogConfig: Setting CVar [[r.DistanceFieldShadowing:1]]
[2020.05.29-03.27.43:434][  0]LogConfig: Setting CVar [[r.DistanceFieldAO:1]]
[2020.05.29-03.27.43:434][  0]LogConfig: Setting CVar [[r.AOQuality:2]]
[2020.05.29-03.27.43:434][  0]LogConfig: Setting CVar [[r.VolumetricFog:1]]
[2020.05.29-03.27.43:434][  0]LogConfig: Setting CVar [[r.VolumetricFog.GridPixelSize:8]]
[2020.05.29-03.27.43:434][  0]LogConfig: Setting CVar [[r.VolumetricFog.GridSizeZ:128]]
[2020.05.29-03.27.43:434][  0]LogConfig: Setting CVar [[r.VolumetricFog.HistoryMissSupersampleCount:4]]
[2020.05.29-03.27.43:434][  0]LogConfig: Setting CVar [[r.LightMaxDrawDistanceScale:1]]
[2020.05.29-03.27.43:434][  0]LogConfig: Setting CVar [[r.CapsuleShadows:1]]
[2020.05.29-03.27.43:434][  0]LogConfig: Applying CVar settings from Section [PostProcessQuality@3] File [C:/Users/elvis/Documents/GitHub/GameJam20/GameJam20/Tamba_Reen/Saved/Config/Windows/Scalability.ini]
[2020.05.29-03.27.43:434][  0]LogConfig: Setting CVar [[r.MotionBlurQuality:4]]
[2020.05.29-03.27.43:434][  0]LogConfig: Setting CVar [[r.AmbientOcclusionMipLevelFactor:0.4]]
[2020.05.29-03.27.43:434][  0]LogConfig: Setting CVar [[r.AmbientOcclusionMaxQuality:100]]
[2020.05.29-03.27.43:434][  0]LogConfig: Setting CVar [[r.AmbientOcclusionLevels:-1]]
[2020.05.29-03.27.43:434][  0]LogConfig: Setting CVar [[r.AmbientOcclusionRadiusScale:1.0]]
[2020.05.29-03.27.43:434][  0]LogConfig: Setting CVar [[r.DepthOfFieldQuality:2]]
[2020.05.29-03.27.43:434][  0]LogConfig: Setting CVar [[r.RenderTargetPoolMin:400]]
[2020.05.29-03.27.43:434][  0]LogConfig: Setting CVar [[r.LensFlareQuality:2]]
[2020.05.29-03.27.43:434][  0]LogConfig: Setting CVar [[r.SceneColorFringeQuality:1]]
[2020.05.29-03.27.43:434][  0]LogConfig: Setting CVar [[r.EyeAdaptationQuality:2]]
[2020.05.29-03.27.43:434][  0]LogConfig: Setting CVar [[r.BloomQuality:5]]
[2020.05.29-03.27.43:434][  0]LogConfig: Setting CVar [[r.FastBlurThreshold:100]]
[2020.05.29-03.27.43:434][  0]LogConfig: Setting CVar [[r.Upscale.Quality:3]]
[2020.05.29-03.27.43:434][  0]LogConfig: Setting CVar [[r.Tonemapper.GrainQuantization:1]]
[2020.05.29-03.27.43:434][  0]LogConfig: Setting CVar [[r.LightShaftQuality:1]]
[2020.05.29-03.27.43:434][  0]LogConfig: Setting CVar [[r.Filter.SizeScale:1]]
[2020.05.29-03.27.43:434][  0]LogConfig: Setting CVar [[r.Tonemapper.Quality:5]]
[2020.05.29-03.27.43:434][  0]LogConfig: Setting CVar [[r.DOF.Gather.AccumulatorQuality:1        ; higher gathering accumulator quality]]
[2020.05.29-03.27.43:435][  0]LogConfig: Setting CVar [[r.DOF.Gather.PostfilterMethod:1          ; Median3x3 postfilering method]]
[2020.05.29-03.27.43:435][  0]LogConfig: Setting CVar [[r.DOF.Gather.EnableBokehSettings:0       ; no bokeh simulation when gathering]]
[2020.05.29-03.27.43:435][  0]LogConfig: Setting CVar [[r.DOF.Gather.RingCount:4                 ; medium number of samples when gathering]]
[2020.05.29-03.27.43:435][  0]LogConfig: Setting CVar [[r.DOF.Scatter.ForegroundCompositing:1    ; additive foreground scattering]]
[2020.05.29-03.27.43:435][  0]LogConfig: Setting CVar [[r.DOF.Scatter.BackgroundCompositing:2    ; additive background scattering]]
[2020.05.29-03.27.43:435][  0]LogConfig: Setting CVar [[r.DOF.Scatter.EnableBokehSettings:1      ; bokeh simulation when scattering]]
[2020.05.29-03.27.43:435][  0]LogConfig: Setting CVar [[r.DOF.Scatter.MaxSpriteRatio:0.1         ; only a maximum of 10% of scattered bokeh]]
[2020.05.29-03.27.43:435][  0]LogConfig: Setting CVar [[r.DOF.Recombine.Quality:1                ; cheap slight out of focus]]
[2020.05.29-03.27.43:435][  0]LogConfig: Setting CVar [[r.DOF.Recombine.EnableBokehSettings:0    ; no bokeh simulation on slight out of focus]]
[2020.05.29-03.27.43:435][  0]LogConfig: Setting CVar [[r.DOF.TemporalAAQuality:1                ; more stable temporal accumulation]]
[2020.05.29-03.27.43:435][  0]LogConfig: Setting CVar [[r.DOF.Kernel.MaxForegroundRadius:0.025]]
[2020.05.29-03.27.43:435][  0]LogConfig: Setting CVar [[r.DOF.Kernel.MaxBackgroundRadius:0.025]]
[2020.05.29-03.27.43:435][  0]LogConfig: Applying CVar settings from Section [TextureQuality@3] File [C:/Users/elvis/Documents/GitHub/GameJam20/GameJam20/Tamba_Reen/Saved/Config/Windows/Scalability.ini]
[2020.05.29-03.27.43:435][  0]LogConfig: Setting CVar [[r.Streaming.MipBias:0]]
[2020.05.29-03.27.43:435][  0]LogConfig: Setting CVar [[r.Streaming.AmortizeCPUToGPUCopy:0]]
[2020.05.29-03.27.43:435][  0]LogConfig: Setting CVar [[r.Streaming.MaxNumTexturesToStreamPerFrame:0]]
[2020.05.29-03.27.43:435][  0]LogConfig: Setting CVar [[r.Streaming.Boost:1]]
[2020.05.29-03.27.43:435][  0]LogConfig: Setting CVar [[r.MaxAnisotropy:8]]
[2020.05.29-03.27.43:435][  0]LogConfig: Setting CVar [[r.VT.MaxAnisotropy:8]]
[2020.05.29-03.27.43:435][  0]LogConfig: Setting CVar [[r.Streaming.LimitPoolSizeToVRAM:0]]
[2020.05.29-03.27.43:435][  0]LogConfig: Setting CVar [[r.Streaming.PoolSize:1000]]
[2020.05.29-03.27.43:435][  0]LogConfig: Setting CVar [[r.Streaming.MaxEffectiveScreenSize:0]]
[2020.05.29-03.27.43:435][  0]LogConfig: Applying CVar settings from Section [EffectsQuality@3] File [C:/Users/elvis/Documents/GitHub/GameJam20/GameJam20/Tamba_Reen/Saved/Config/Windows/Scalability.ini]
[2020.05.29-03.27.43:435][  0]LogConfig: Setting CVar [[r.TranslucencyLightingVolumeDim:64]]
[2020.05.29-03.27.43:435][  0]LogConfig: Setting CVar [[r.RefractionQuality:2]]
[2020.05.29-03.27.43:435][  0]LogConfig: Setting CVar [[r.SSR.Quality:3]]
[2020.05.29-03.27.43:435][  0]LogConfig: Setting CVar [[r.SSR.HalfResSceneColor:0]]
[2020.05.29-03.27.43:435][  0]LogConfig: Setting CVar [[r.SceneColorFormat:4]]
[2020.05.29-03.27.43:435][  0]LogConfig: Setting CVar [[r.DetailMode:2]]
[2020.05.29-03.27.43:435][  0]LogConfig: Setting CVar [[r.TranslucencyVolumeBlur:1]]
[2020.05.29-03.27.43:435][  0]LogConfig: Setting CVar [[r.MaterialQualityLevel:1 ; High quality]]
[2020.05.29-03.27.43:435][  0]LogConfig: Setting CVar [[r.SSS.Scale:1]]
[2020.05.29-03.27.43:435][  0]LogConfig: Setting CVar [[r.SSS.SampleSet:2]]
[2020.05.29-03.27.43:435][  0]LogConfig: Setting CVar [[r.SSS.Quality:1]]
[2020.05.29-03.27.43:435][  0]LogConfig: Setting CVar [[r.SSS.HalfRes:0]]
[2020.05.29-03.27.43:435][  0]LogConfig: Setting CVar [[r.SSGI.Quality:3]]
[2020.05.29-03.27.43:435][  0]LogConfig: Setting CVar [[r.EmitterSpawnRateScale:1.0]]
[2020.05.29-03.27.43:435][  0]LogConfig: Setting CVar [[r.ParticleLightQuality:2]]
[2020.05.29-03.27.43:435][  0]LogConfig: Setting CVar [[r.SkyAtmosphere.AerialPerspectiveLUT.FastApplyOnOpaque:1 ; Always have FastSkyLUT 1 in this case to avoid wrong sky]]
[2020.05.29-03.27.43:435][  0]LogConfig: Setting CVar [[r.SkyAtmosphere.AerialPerspectiveLUT.SampleCountPerSlice:1]]
[2020.05.29-03.27.43:435][  0]LogConfig: Setting CVar [[r.SkyAtmosphere.AerialPerspectiveLUT.DepthResolution:16.0]]
[2020.05.29-03.27.43:435][  0]LogConfig: Setting CVar [[r.SkyAtmosphere.FastSkyLUT:1]]
[2020.05.29-03.27.43:435][  0]LogConfig: Setting CVar [[r.SkyAtmosphere.FastSkyLUT.SampleCountMin:4.0]]
[2020.05.29-03.27.43:435][  0]LogConfig: Setting CVar [[r.SkyAtmosphere.FastSkyLUT.SampleCountMax:32.0]]
[2020.05.29-03.27.43:435][  0]LogConfig: Setting CVar [[r.SkyAtmosphere.SampleCountMin:4.0]]
[2020.05.29-03.27.43:435][  0]LogConfig: Setting CVar [[r.SkyAtmosphere.SampleCountMax:32.0]]
[2020.05.29-03.27.43:435][  0]LogConfig: Setting CVar [[r.SkyAtmosphere.TransmittanceLUT.UseSmallFormat:0]]
[2020.05.29-03.27.43:435][  0]LogConfig: Setting CVar [[r.SkyAtmosphere.TransmittanceLUT.SampleCount:10.0]]
[2020.05.29-03.27.43:435][  0]LogConfig: Setting CVar [[r.SkyAtmosphere.MultiScatteringLUT.SampleCount:15.0]]
[2020.05.29-03.27.43:435][  0]LogConfig: Applying CVar settings from Section [FoliageQuality@3] File [C:/Users/elvis/Documents/GitHub/GameJam20/GameJam20/Tamba_Reen/Saved/Config/Windows/Scalability.ini]
[2020.05.29-03.27.43:435][  0]LogConfig: Setting CVar [[foliage.DensityScale:1.0]]
[2020.05.29-03.27.43:435][  0]LogConfig: Setting CVar [[grass.DensityScale:1.0]]
[2020.05.29-03.27.43:435][  0]LogConfig: Applying CVar settings from Section [ShadingQuality@3] File [C:/Users/elvis/Documents/GitHub/GameJam20/GameJam20/Tamba_Reen/Saved/Config/Windows/Scalability.ini]
[2020.05.29-03.27.43:435][  0]LogConfig: Setting CVar [[r.HairStrands.SkyLighting.SampleCount:16]]
[2020.05.29-03.27.43:435][  0]LogConfig: Setting CVar [[r.HairStrands.SkyLighting.JitterIntegration:0]]
[2020.05.29-03.27.43:435][  0]LogConfig: Setting CVar [[r.HairStrands.SkyAO.SampleCount:16]]
[2020.05.29-03.27.43:435][  0]LogConfig: Setting CVar [[r.HairStrands.DeepShadow.SuperSampling:0]]
[2020.05.29-03.27.43:435][  0]LogConfig: Setting CVar [[r.HairStrands.VisibilityPPLL:0]]
[2020.05.29-03.27.43:435][  0]LogConfig: Setting CVar [[r.HairStrands.RasterizationScale:0.5]]
[2020.05.29-03.27.43:435][  0]LogConfig: Setting CVar [[r.HairStrands.VelocityRasterizationScale:1]]
[2020.05.29-03.27.43:435][  0]LogInit: Selected Device Profile: [Windows]
[2020.05.29-03.27.43:435][  0]LogInit: Applying CVar settings loaded from the selected device profile: [Windows]
[2020.05.29-03.27.43:435][  0]LogHAL: Display: Platform has ~ 16 GB [16983638016 / 17179869184 / 16], which maps to Larger [LargestMinGB=32, LargerMinGB=12, DefaultMinGB=8, SmallerMinGB=6, SmallestMinGB=0)
[2020.05.29-03.27.43:435][  0]LogInit: Going up to parent DeviceProfile []
[2020.05.29-03.27.43:435][  0]LogConfig: Applying CVar settings from Section [ViewDistanceQuality@3] File [C:/Users/elvis/Documents/GitHub/GameJam20/GameJam20/Tamba_Reen/Saved/Config/Windows/Scalability.ini]
[2020.05.29-03.27.43:435][  0]LogConfig: Setting CVar [[r.SkeletalMeshLODBias:0]]
[2020.05.29-03.27.43:435][  0]LogConfig: Setting CVar [[r.ViewDistanceScale:1.0]]
[2020.05.29-03.27.43:435][  0]LogConfig: Applying CVar settings from Section [AntiAliasingQuality@3] File [C:/Users/elvis/Documents/GitHub/GameJam20/GameJam20/Tamba_Reen/Saved/Config/Windows/Scalability.ini]
[2020.05.29-03.27.43:435][  0]LogConfig: Setting CVar [[r.PostProcessAAQuality:4]]
[2020.05.29-03.27.43:435][  0]LogConfig: Applying CVar settings from Section [ShadowQuality@3] File [C:/Users/elvis/Documents/GitHub/GameJam20/GameJam20/Tamba_Reen/Saved/Config/Windows/Scalability.ini]
[2020.05.29-03.27.43:435][  0]LogConfig: Setting CVar [[r.LightFunctionQuality:1]]
[2020.05.29-03.27.43:436][  0]LogConfig: Setting CVar [[r.ShadowQuality:5]]
[2020.05.29-03.27.43:436][  0]LogConfig: Setting CVar [[r.Shadow.CSM.MaxCascades:10]]
[2020.05.29-03.27.43:436][  0]LogConfig: Setting CVar [[r.Shadow.MaxResolution:2048]]
[2020.05.29-03.27.43:436][  0]LogConfig: Setting CVar [[r.Shadow.MaxCSMResolution:2048]]
[2020.05.29-03.27.43:436][  0]LogConfig: Setting CVar [[r.Shadow.RadiusThreshold:0.01]]
[2020.05.29-03.27.43:436][  0]LogConfig: Setting CVar [[r.Shadow.DistanceScale:1.0]]
[2020.05.29-03.27.43:436][  0]LogConfig: Setting CVar [[r.Shadow.CSM.TransitionScale:1.0]]
[2020.05.29-03.27.43:436][  0]LogConfig: Setting CVar [[r.Shadow.PreShadowResolutionFactor:1.0]]
[2020.05.29-03.27.43:436][  0]LogConfig: Setting CVar [[r.DistanceFieldShadowing:1]]
[2020.05.29-03.27.43:436][  0]LogConfig: Setting CVar [[r.DistanceFieldAO:1]]
[2020.05.29-03.27.43:436][  0]LogConfig: Setting CVar [[r.AOQuality:2]]
[2020.05.29-03.27.43:436][  0]LogConfig: Setting CVar [[r.VolumetricFog:1]]
[2020.05.29-03.27.43:436][  0]LogConfig: Setting CVar [[r.VolumetricFog.GridPixelSize:8]]
[2020.05.29-03.27.43:436][  0]LogConfig: Setting CVar [[r.VolumetricFog.GridSizeZ:128]]
[2020.05.29-03.27.43:436][  0]LogConfig: Setting CVar [[r.VolumetricFog.HistoryMissSupersampleCount:4]]
[2020.05.29-03.27.43:436][  0]LogConfig: Setting CVar [[r.LightMaxDrawDistanceScale:1]]
[2020.05.29-03.27.43:436][  0]LogConfig: Setting CVar [[r.CapsuleShadows:1]]
[2020.05.29-03.27.43:436][  0]LogConfig: Applying CVar settings from Section [PostProcessQuality@3] File [C:/Users/elvis/Documents/GitHub/GameJam20/GameJam20/Tamba_Reen/Saved/Config/Windows/Scalability.ini]
[2020.05.29-03.27.43:436][  0]LogConfig: Setting CVar [[r.MotionBlurQuality:4]]
[2020.05.29-03.27.43:436][  0]LogConfig: Setting CVar [[r.AmbientOcclusionMipLevelFactor:0.4]]
[2020.05.29-03.27.43:436][  0]LogConfig: Setting CVar [[r.AmbientOcclusionMaxQuality:100]]
[2020.05.29-03.27.43:436][  0]LogConfig: Setting CVar [[r.AmbientOcclusionLevels:-1]]
[2020.05.29-03.27.43:436][  0]LogConfig: Setting CVar [[r.AmbientOcclusionRadiusScale:1.0]]
[2020.05.29-03.27.43:436][  0]LogConfig: Setting CVar [[r.DepthOfFieldQuality:2]]
[2020.05.29-03.27.43:436][  0]LogConfig: Setting CVar [[r.RenderTargetPoolMin:400]]
[2020.05.29-03.27.43:436][  0]LogConfig: Setting CVar [[r.LensFlareQuality:2]]
[2020.05.29-03.27.43:436][  0]LogConfig: Setting CVar [[r.SceneColorFringeQuality:1]]
[2020.05.29-03.27.43:436][  0]LogConfig: Setting CVar [[r.EyeAdaptationQuality:2]]
[2020.05.29-03.27.43:436][  0]LogConfig: Setting CVar [[r.BloomQuality:5]]
[2020.05.29-03.27.43:436][  0]LogConfig: Setting CVar [[r.FastBlurThreshold:100]]
[2020.05.29-03.27.43:436][  0]LogConfig: Setting CVar [[r.Upscale.Quality:3]]
[2020.05.29-03.27.43:436][  0]LogConfig: Setting CVar [[r.Tonemapper.GrainQuantization:1]]
[2020.05.29-03.27.43:436][  0]LogConfig: Setting CVar [[r.LightShaftQuality:1]]
[2020.05.29-03.27.43:436][  0]LogConfig: Setting CVar [[r.Filter.SizeScale:1]]
[2020.05.29-03.27.43:436][  0]LogConfig: Setting CVar [[r.Tonemapper.Quality:5]]
[2020.05.29-03.27.43:436][  0]LogConfig: Setting CVar [[r.DOF.Gather.AccumulatorQuality:1        ; higher gathering accumulator quality]]
[2020.05.29-03.27.43:436][  0]LogConfig: Setting CVar [[r.DOF.Gather.PostfilterMethod:1          ; Median3x3 postfilering method]]
[2020.05.29-03.27.43:436][  0]LogConfig: Setting CVar [[r.DOF.Gather.EnableBokehSettings:0       ; no bokeh simulation when gathering]]
[2020.05.29-03.27.43:436][  0]LogConfig: Setting CVar [[r.DOF.Gather.RingCount:4                 ; medium number of samples when gathering]]
[2020.05.29-03.27.43:436][  0]LogConfig: Setting CVar [[r.DOF.Scatter.ForegroundCompositing:1    ; additive foreground scattering]]
[2020.05.29-03.27.43:436][  0]LogConfig: Setting CVar [[r.DOF.Scatter.BackgroundCompositing:2    ; additive background scattering]]
[2020.05.29-03.27.43:436][  0]LogConfig: Setting CVar [[r.DOF.Scatter.EnableBokehSettings:1      ; bokeh simulation when scattering]]
[2020.05.29-03.27.43:436][  0]LogConfig: Setting CVar [[r.DOF.Scatter.MaxSpriteRatio:0.1         ; only a maximum of 10% of scattered bokeh]]
[2020.05.29-03.27.43:436][  0]LogConfig: Setting CVar [[r.DOF.Recombine.Quality:1                ; cheap slight out of focus]]
[2020.05.29-03.27.43:436][  0]LogConfig: Setting CVar [[r.DOF.Recombine.EnableBokehSettings:0    ; no bokeh simulation on slight out of focus]]
[2020.05.29-03.27.43:436][  0]LogConfig: Setting CVar [[r.DOF.TemporalAAQuality:1                ; more stable temporal accumulation]]
[2020.05.29-03.27.43:436][  0]LogConfig: Setting CVar [[r.DOF.Kernel.MaxForegroundRadius:0.025]]
[2020.05.29-03.27.43:436][  0]LogConfig: Setting CVar [[r.DOF.Kernel.MaxBackgroundRadius:0.025]]
[2020.05.29-03.27.43:436][  0]LogConfig: Applying CVar settings from Section [TextureQuality@3] File [C:/Users/elvis/Documents/GitHub/GameJam20/GameJam20/Tamba_Reen/Saved/Config/Windows/Scalability.ini]
[2020.05.29-03.27.43:436][  0]LogConfig: Setting CVar [[r.Streaming.MipBias:0]]
[2020.05.29-03.27.43:436][  0]LogConfig: Setting CVar [[r.Streaming.AmortizeCPUToGPUCopy:0]]
[2020.05.29-03.27.43:436][  0]LogConfig: Setting CVar [[r.Streaming.MaxNumTexturesToStreamPerFrame:0]]
[2020.05.29-03.27.43:436][  0]LogConfig: Setting CVar [[r.Streaming.Boost:1]]
[2020.05.29-03.27.43:436][  0]LogConfig: Setting CVar [[r.MaxAnisotropy:8]]
[2020.05.29-03.27.43:436][  0]LogConfig: Setting CVar [[r.VT.MaxAnisotropy:8]]
[2020.05.29-03.27.43:436][  0]LogConfig: Setting CVar [[r.Streaming.LimitPoolSizeToVRAM:0]]
[2020.05.29-03.27.43:436][  0]LogConfig: Setting CVar [[r.Streaming.PoolSize:1000]]
[2020.05.29-03.27.43:436][  0]LogConfig: Setting CVar [[r.Streaming.MaxEffectiveScreenSize:0]]
[2020.05.29-03.27.43:436][  0]LogConfig: Applying CVar settings from Section [EffectsQuality@3] File [C:/Users/elvis/Documents/GitHub/GameJam20/GameJam20/Tamba_Reen/Saved/Config/Windows/Scalability.ini]
[2020.05.29-03.27.43:436][  0]LogConfig: Setting CVar [[r.TranslucencyLightingVolumeDim:64]]
[2020.05.29-03.27.43:436][  0]LogConfig: Setting CVar [[r.RefractionQuality:2]]
[2020.05.29-03.27.43:436][  0]LogConfig: Setting CVar [[r.SSR.Quality:3]]
[2020.05.29-03.27.43:436][  0]LogConfig: Setting CVar [[r.SSR.HalfResSceneColor:0]]
[2020.05.29-03.27.43:436][  0]LogConfig: Setting CVar [[r.SceneColorFormat:4]]
[2020.05.29-03.27.43:436][  0]LogConfig: Setting CVar [[r.DetailMode:2]]
[2020.05.29-03.27.43:436][  0]LogConfig: Setting CVar [[r.TranslucencyVolumeBlur:1]]
[2020.05.29-03.27.43:436][  0]LogConfig: Setting CVar [[r.MaterialQualityLevel:1 ; High quality]]
[2020.05.29-03.27.43:436][  0]LogConfig: Setting CVar [[r.SSS.Scale:1]]
[2020.05.29-03.27.43:436][  0]LogConfig: Setting CVar [[r.SSS.SampleSet:2]]
[2020.05.29-03.27.43:436][  0]LogConfig: Setting CVar [[r.SSS.Quality:1]]
[2020.05.29-03.27.43:436][  0]LogConfig: Setting CVar [[r.SSS.HalfRes:0]]
[2020.05.29-03.27.43:436][  0]LogConfig: Setting CVar [[r.SSGI.Quality:3]]
[2020.05.29-03.27.43:436][  0]LogConfig: Setting CVar [[r.EmitterSpawnRateScale:1.0]]
[2020.05.29-03.27.43:436][  0]LogConfig: Setting CVar [[r.ParticleLightQuality:2]]
[2020.05.29-03.27.43:436][  0]LogConfig: Setting CVar [[r.SkyAtmosphere.AerialPerspectiveLUT.FastApplyOnOpaque:1 ; Always have FastSkyLUT 1 in this case to avoid wrong sky]]
[2020.05.29-03.27.43:436][  0]LogConfig: Setting CVar [[r.SkyAtmosphere.AerialPerspectiveLUT.SampleCountPerSlice:1]]
[2020.05.29-03.27.43:436][  0]LogConfig: Setting CVar [[r.SkyAtmosphere.AerialPerspectiveLUT.DepthResolution:16.0]]
[2020.05.29-03.27.43:436][  0]LogConfig: Setting CVar [[r.SkyAtmosphere.FastSkyLUT:1]]
[2020.05.29-03.27.43:436][  0]LogConfig: Setting CVar [[r.SkyAtmosphere.FastSkyLUT.SampleCountMin:4.0]]
[2020.05.29-03.27.43:436][  0]LogConfig: Setting CVar [[r.SkyAtmosphere.FastSkyLUT.SampleCountMax:32.0]]
[2020.05.29-03.27.43:436][  0]LogConfig: Setting CVar [[r.SkyAtmosphere.SampleCountMin:4.0]]
[2020.05.29-03.27.43:437][  0]LogConfig: Setting CVar [[r.SkyAtmosphere.SampleCountMax:32.0]]
[2020.05.29-03.27.43:437][  0]LogConfig: Setting CVar [[r.SkyAtmosphere.TransmittanceLUT.UseSmallFormat:0]]
[2020.05.29-03.27.43:437][  0]LogConfig: Setting CVar [[r.SkyAtmosphere.TransmittanceLUT.SampleCount:10.0]]
[2020.05.29-03.27.43:437][  0]LogConfig: Setting CVar [[r.SkyAtmosphere.MultiScatteringLUT.SampleCount:15.0]]
[2020.05.29-03.27.43:437][  0]LogConfig: Applying CVar settings from Section [FoliageQuality@3] File [C:/Users/elvis/Documents/GitHub/GameJam20/GameJam20/Tamba_Reen/Saved/Config/Windows/Scalability.ini]
[2020.05.29-03.27.43:437][  0]LogConfig: Setting CVar [[foliage.DensityScale:1.0]]
[2020.05.29-03.27.43:437][  0]LogConfig: Setting CVar [[grass.DensityScale:1.0]]
[2020.05.29-03.27.43:437][  0]LogConfig: Applying CVar settings from Section [ShadingQuality@3] File [C:/Users/elvis/Documents/GitHub/GameJam20/GameJam20/Tamba_Reen/Saved/Config/Windows/Scalability.ini]
[2020.05.29-03.27.43:437][  0]LogConfig: Setting CVar [[r.HairStrands.SkyLighting.SampleCount:16]]
[2020.05.29-03.27.43:437][  0]LogConfig: Setting CVar [[r.HairStrands.SkyLighting.JitterIntegration:0]]
[2020.05.29-03.27.43:437][  0]LogConfig: Setting CVar [[r.HairStrands.SkyAO.SampleCount:16]]
[2020.05.29-03.27.43:437][  0]LogConfig: Setting CVar [[r.HairStrands.DeepShadow.SuperSampling:0]]
[2020.05.29-03.27.43:437][  0]LogConfig: Setting CVar [[r.HairStrands.VisibilityPPLL:0]]
[2020.05.29-03.27.43:437][  0]LogConfig: Setting CVar [[r.HairStrands.RasterizationScale:0.5]]
[2020.05.29-03.27.43:437][  0]LogConfig: Setting CVar [[r.HairStrands.VelocityRasterizationScale:1]]
[2020.05.29-03.27.43:437][  0]LogConfig: Applying CVar settings from Section [Startup] File [../../../Engine/Config/ConsoleVariables.ini]
[2020.05.29-03.27.43:437][  0]LogConfig: Setting CVar [[net.UseAdaptiveNetUpdateFrequency:0]]
[2020.05.29-03.27.43:437][  0]LogConfig: Setting CVar [[p.chaos.AllowCreatePhysxBodies:1]]
[2020.05.29-03.27.43:437][  0]LogConfig: Setting CVar [[fx.SkipVectorVMBackendOptimizations:1]]
[2020.05.29-03.27.43:437][  0]LogConfig: Applying CVar settings from Section [ConsoleVariables] File [C:/Users/elvis/Documents/GitHub/GameJam20/GameJam20/Tamba_Reen/Saved/Config/Windows/Engine.ini]
[2020.05.29-03.27.43:437][  0]LogInit: Computer: ELVIS-LAPTOP
[2020.05.29-03.27.43:437][  0]LogInit: User: elvis
[2020.05.29-03.27.43:437][  0]LogInit: CPU Page size=4096, Cores=6
[2020.05.29-03.27.43:437][  0]LogInit: High frequency timer resolution =10.000000 MHz
[2020.05.29-03.27.43:437][  0]LogMemory: Memory total: Physical=15.8GB (16GB approx)
[2020.05.29-03.27.43:437][  0]LogMemory: Platform Memory Stats for Windows
[2020.05.29-03.27.43:437][  0]LogMemory: Process Physical Memory: 115.50 MB used, 115.50 MB peak
[2020.05.29-03.27.43:437][  0]LogMemory: Process Virtual Memory: 113.92 MB used, 113.92 MB peak
[2020.05.29-03.27.43:437][  0]LogMemory: Physical Memory: 9093.88 MB used,  7102.98 MB free, 16196.86 MB total
[2020.05.29-03.27.43:437][  0]LogMemory: Virtual Memory: 5182.10 MB used,  134212544.00 MB free, 134217728.00 MB total
[2020.05.29-03.27.43:484][  0]LogWindows: WindowsPlatformFeatures enabled
[2020.05.29-03.27.43:517][  0]LogInit: Physics initialised using underlying interface: PhysX
[2020.05.29-03.27.43:518][  0]LogInit: Using OS detected language (en-US).
[2020.05.29-03.27.43:518][  0]LogInit: Using OS detected locale (en-AU).
[2020.05.29-03.27.43:522][  0]LogTextLocalizationManager: No specific localization for 'en-US' exists, so the 'en' localization will be used.
[2020.05.29-03.27.43:681][  0]LogInit: Setting process to per monitor DPI aware
[2020.05.29-03.27.43:725][  0]LogSlate: New Slate User Created.  User Index 0, Is Virtual User: 0
[2020.05.29-03.27.43:725][  0]LogSlate: Slate User Registered.  User Index 0, Is Virtual User: 0
[2020.05.29-03.27.43:901][  0]LogHMD: Failed to initialize OpenVR with code 110
[2020.05.29-03.27.43:901][  0]LogD3D11RHI: D3D11 min allowed feature level: 11_0
[2020.05.29-03.27.43:901][  0]LogD3D11RHI: D3D11 max allowed feature level: 11_0
[2020.05.29-03.27.43:901][  0]LogD3D11RHI: D3D11 adapters:
[2020.05.29-03.27.43:972][  0]LogD3D11RHI:    0. 'NVIDIA GeForce GTX 1660 Ti' (Feature Level 11_0)
[2020.05.29-03.27.43:973][  0]LogD3D11RHI:       5991/0/8098 MB DedicatedVideo/DedicatedSystem/SharedSystem, Outputs:2, VendorId:0x10de
[2020.05.29-03.27.43:985][  0]LogD3D11RHI:    1. 'Intel(R) UHD Graphics 630' (Feature Level 11_0)
[2020.05.29-03.27.43:985][  0]LogD3D11RHI:       128/0/8098 MB DedicatedVideo/DedicatedSystem/SharedSystem, Outputs:0, VendorId:0x8086
[2020.05.29-03.27.43:987][  0]LogD3D11RHI:    2. 'Microsoft Basic Render Driver' (Feature Level 11_0)
[2020.05.29-03.27.43:987][  0]LogD3D11RHI:       0/0/8098 MB DedicatedVideo/DedicatedSystem/SharedSystem, Outputs:0, VendorId:0x1414
[2020.05.29-03.27.43:988][  0]LogD3D11RHI: Chosen D3D11 Adapter: 0
[2020.05.29-03.27.44:028][  0]LogD3D11RHI: Creating new Direct3DDevice
[2020.05.29-03.27.44:028][  0]LogD3D11RHI:     GPU DeviceId: 0x2191 (for the marketing name, search the web for "GPU Device Id")
[2020.05.29-03.27.44:028][  0]LogWindows: EnumDisplayDevices:
[2020.05.29-03.27.44:028][  0]LogWindows:    0. 'Intel(R) UHD Graphics 630' (P:1 D:1)
[2020.05.29-03.27.44:029][  0]LogWindows:    1. 'Intel(R) UHD Graphics 630' (P:0 D:0)
[2020.05.29-03.27.44:029][  0]LogWindows:    2. 'Intel(R) UHD Graphics 630' (P:0 D:0)
[2020.05.29-03.27.44:029][  0]LogWindows:    3. 'NVIDIA GeForce GTX 1660 Ti' (P:0 D:1)
[2020.05.29-03.27.44:029][  0]LogWindows:    4. 'NVIDIA GeForce GTX 1660 Ti' (P:0 D:0)
[2020.05.29-03.27.44:030][  0]LogWindows:    5. 'NVIDIA GeForce GTX 1660 Ti' (P:0 D:0)
[2020.05.29-03.27.44:030][  0]LogWindows:    6. 'NVIDIA GeForce GTX 1660 Ti' (P:0 D:0)
[2020.05.29-03.27.44:030][  0]LogWindows: DebugString: PrimaryIsNotTheChoosenAdapter PrimaryIsNotTheChoosenAdapter PrimaryIsNotTheChoosenAdapter FoundDriverCount:4 
[2020.05.29-03.27.44:030][  0]LogD3D11RHI:     Adapter Name: NVIDIA GeForce GTX 1660 Ti
[2020.05.29-03.27.44:030][  0]LogD3D11RHI:   Driver Version: 442.23 (internal:26.21.14.4223, unified:442.23)
[2020.05.29-03.27.44:030][  0]LogD3D11RHI:      Driver Date: 1-31-2020
[2020.05.29-03.27.44:030][  0]LogRHI: Texture pool is 4193 MB (70% of 5991 MB)
[2020.05.29-03.27.44:070][  0]LogD3D11RHI: RHI has support for 64 bit atomics
[2020.05.29-03.27.44:071][  0]LogD3D11RHI: [Aftermath] Enabled and primed
[2020.05.29-03.27.44:071][  0]LogD3D11RHI: Async texture creation enabled
[2020.05.29-03.27.44:071][  0]LogD3D11RHI: Array index from any shader is supported
[2020.05.29-03.27.44:086][  0]LogD3D11RHI: GPU Timing Frequency: 1000.000000 (Debug: 2 1)
[2020.05.29-03.27.44:364][  0]LogTargetPlatformManager: Display: Loaded TargetPlatform 'AllDesktop'
[2020.05.29-03.27.44:383][  0]LogTargetPlatformManager: Display: Loaded TargetPlatform 'Android'
[2020.05.29-03.27.44:383][  0]LogTargetPlatformManager: Display: Loaded TargetPlatform 'Android_ASTC'
[2020.05.29-03.27.44:383][  0]LogTargetPlatformManager: Display: Loaded TargetPlatform 'Android_DXT'
[2020.05.29-03.27.44:383][  0]LogTargetPlatformManager: Display: Loaded TargetPlatform 'Android_ETC2'
[2020.05.29-03.27.44:383][  0]LogTargetPlatformManager: Display: Loaded TargetPlatform 'AndroidClient'
[2020.05.29-03.27.44:383][  0]LogTargetPlatformManager: Display: Loaded TargetPlatform 'Android_ASTCClient'
[2020.05.29-03.27.44:383][  0]LogTargetPlatformManager: Display: Loaded TargetPlatform 'Android_DXTClient'
[2020.05.29-03.27.44:383][  0]LogTargetPlatformManager: Display: Loaded TargetPlatform 'Android_ETC2Client'
[2020.05.29-03.27.44:383][  0]LogTargetPlatformManager: Display: Loaded TargetPlatform 'Android_Multi'
[2020.05.29-03.27.44:383][  0]LogTargetPlatformManager: Display: Loaded TargetPlatform 'Android_MultiClient'
[2020.05.29-03.27.44:405][  0]LogTargetPlatformManager: Display: Loaded TargetPlatform 'IOSClient'
[2020.05.29-03.27.44:405][  0]LogTargetPlatformManager: Display: Loaded TargetPlatform 'IOS'
[2020.05.29-03.27.44:415][  0]LogTargetPlatformManager: Display: Loaded TargetPlatform 'Linux'
[2020.05.29-03.27.44:424][  0]LogTargetPlatformManager: Display: Loaded TargetPlatform 'LinuxNoEditor'
[2020.05.29-03.27.44:432][  0]LogTargetPlatformManager: Display: Loaded TargetPlatform 'LinuxClient'
[2020.05.29-03.27.44:441][  0]LogTargetPlatformManager: Display: Loaded TargetPlatform 'LinuxServer'
[2020.05.29-03.27.44:451][  0]LogTargetPlatformManager: Display: Loaded TargetPlatform 'LinuxAArch64NoEditor'
[2020.05.29-03.27.44:460][  0]LogTargetPlatformManager: Display: Loaded TargetPlatform 'LinuxAArch64Client'
[2020.05.29-03.27.44:468][  0]LogTargetPlatformManager: Display: Loaded TargetPlatform 'LinuxAArch64Server'
[2020.05.29-03.27.44:494][  0]LogTargetPlatformManager: Display: Loaded TargetPlatform 'Lumin'
[2020.05.29-03.27.44:494][  0]LogTargetPlatformManager: Display: Loaded TargetPlatform 'LuminClient'
[2020.05.29-03.27.44:511][  0]LogTargetPlatformManager: Display: Loaded TargetPlatform 'TVOSClient'
[2020.05.29-03.27.44:511][  0]LogTargetPlatformManager: Display: Loaded TargetPlatform 'TVOS'
[2020.05.29-03.27.44:520][  0]LogTargetPlatformManager: Display: Loaded TargetPlatform 'WindowsNoEditor'
[2020.05.29-03.27.44:528][  0]LogTargetPlatformManager: Display: Loaded TargetPlatform 'Windows'
[2020.05.29-03.27.44:537][  0]LogTargetPlatformManager: Display: Loaded TargetPlatform 'WindowsClient'
[2020.05.29-03.27.44:547][  0]LogTargetPlatformManager: Display: Loaded TargetPlatform 'WindowsServer'
[2020.05.29-03.27.44:547][  0]LogTargetPlatformManager: Display: Building Assets For Windows
[2020.05.29-03.27.44:554][  0]LogAudioDebug: Display: Lib vorbis DLL was dynamically loaded.
[2020.05.29-03.27.44:610][  0]LogShaderCompilers: Guid format shader working directory is -32 characters bigger than the processId version (../../../../../../Users/elvis/Documents/GitHub/GameJam20/GameJam20/Tamba_Reen/Intermediate/Shaders/WorkingDirectory/14176/).
[2020.05.29-03.27.44:611][  0]LogShaderCompilers: Cleaned the shader compiler working directory 'C:/Users/elvis/AppData/Local/Temp/UnrealShaderWorkingDir/2CCA538D4809EDC84D7399808CF1F54C/'.
[2020.05.29-03.27.44:611][  0]LogXGEController: Cannot use XGE Controller as Incredibuild is not installed on this machine.
[2020.05.29-03.27.44:611][  0]LogShaderCompilers: Cannot use XGE Shader Compiler as Incredibuild is not installed on this machine.
[2020.05.29-03.27.44:611][  0]LogShaderCompilers: Display: Using Local Shader Compiler.
[2020.05.29-03.27.45:341][  0]LogDerivedDataCache: Display: Max Cache Size: 512 MB
[2020.05.29-03.27.45:404][  0]LogDerivedDataCache: Loaded boot cache 0.06s 104MB C:/Users/elvis/AppData/Local/UnrealEngine/4.25/DerivedDataCache/Boot.ddc.
[2020.05.29-03.27.45:404][  0]LogDerivedDataCache: Display: Loaded Boot cache: C:/Users/elvis/AppData/Local/UnrealEngine/4.25/DerivedDataCache/Boot.ddc
[2020.05.29-03.27.45:405][  0]LogDerivedDataCache: FDerivedDataBackendGraph:  Pak pak cache file ../../../../../../Users/elvis/Documents/GitHub/GameJam20/GameJam20/Tamba_Reen/DerivedDataCache/DDC.ddp not found, will not use a pak cache.
[2020.05.29-03.27.45:405][  0]LogDerivedDataCache: Unable to find inner node Pak for hierarchical cache Hierarchy.
[2020.05.29-03.27.45:405][  0]LogDerivedDataCache: FDerivedDataBackendGraph:  CompressedPak pak cache file ../../../../../../Users/elvis/Documents/GitHub/GameJam20/GameJam20/Tamba_Reen/DerivedDataCache/Compressed.ddp not found, will not use a pak cache.
[2020.05.29-03.27.45:405][  0]LogDerivedDataCache: Unable to find inner node CompressedPak for hierarchical cache Hierarchy.
[2020.05.29-03.27.45:414][  0]LogDerivedDataCache: Display: Pak cache opened for reading ../../../Engine/DerivedDataCache/Compressed.ddp.
[2020.05.29-03.27.45:414][  0]LogDerivedDataCache: FDerivedDataBackendGraph:  EnterprisePak pak cache file ../../../Enterprise/DerivedDataCache/Compressed.ddp not found, will not use a pak cache.
[2020.05.29-03.27.45:414][  0]LogDerivedDataCache: Unable to find inner node EnterprisePak for hierarchical cache Hierarchy.
[2020.05.29-03.27.45:415][  0]LogDerivedDataCache: Using Local data cache path C:/Users/elvis/AppData/Local/UnrealEngine/Common/DerivedDataCache: Writable
[2020.05.29-03.27.45:416][  0]LogDerivedDataCache: Shared data cache path not found in *engine.ini, will not use an Shared cache.
[2020.05.29-03.27.45:416][  0]LogDerivedDataCache: Unable to find inner node Shared for hierarchical cache Hierarchy.
[2020.05.29-03.27.45:473][  0]LogSlate: Using FreeType 2.10.0
[2020.05.29-03.27.45:474][  0]LogSlate: SlateFontServices - WITH_FREETYPE: 1, WITH_HARFBUZZ: 1
[2020.05.29-03.27.45:495][  0]LogAssetRegistry: FAssetRegistry took 0.0024 seconds to start up
[2020.05.29-03.27.45:699][  0]LogInit: Selected Device Profile: [Windows]
[2020.05.29-03.27.45:804][  0]LogMeshReduction: Using QuadricMeshReduction for automatic static mesh reduction
[2020.05.29-03.27.45:804][  0]LogMeshReduction: Using SimplygonMeshReduction for automatic skeletal mesh reduction
[2020.05.29-03.27.45:804][  0]LogMeshReduction: Using ProxyLODMeshReduction for automatic mesh merging
[2020.05.29-03.27.45:804][  0]LogMeshReduction: No distributed automatic mesh merging module available
[2020.05.29-03.27.45:804][  0]LogMeshMerging: No distributed automatic mesh merging module available
[2020.05.29-03.27.45:817][  0]LogNetVersion: Tamba_Reen 1.0.0, NetCL: 13144385, EngineNetVer: 14, GameNetVer: 0 (Checksum: 2845370172)
[2020.05.29-03.27.46:176][  0]LogAISub: UAISubsystem::UAISubsystem AISubsystem (000001F60DBE2340), frame # 0
[2020.05.29-03.27.46:176][  0]LogAISub: UAISubsystem::UAISubsystem AIPerceptionSystem (000001F60DB2D440), frame # 0
[2020.05.29-03.27.46:177][  0]LogAISub: UAISubsystem::UAISubsystem EnvQueryManager (000001F60DB7AC00), frame # 0
[2020.05.29-03.27.46:227][  0]LogPackageLocalizationCache: Processed 19 localized package path(s) for 1 prioritized culture(s) in 0.044178 seconds
[2020.05.29-03.27.46:231][  0]LogUObjectArray: 15917 objects as part of root set at end of initial load.
[2020.05.29-03.27.46:231][  0]LogUObjectAllocator: 3965568 out of 0 bytes used by permanent object pool.
[2020.05.29-03.27.46:231][  0]LogUObjectArray: CloseDisregardForGC: 0/0 objects in disregard for GC pool
[2020.05.29-03.27.46:522][  0]LogTcpMessaging: Initializing TcpMessaging bridge
[2020.05.29-03.27.46:526][  0]LogUdpMessaging: Initializing bridge on interface 0.0.0.0:0 to multicast group 230.0.0.1:6666.
[2020.05.29-03.27.46:625][  0]SourceControl: Source control is disabled
[2020.05.29-03.27.46:625][  0]SourceControl: Source control is disabled
[2020.05.29-03.27.46:627][  0]SourceControl: Source control is disabled
[2020.05.29-03.27.46:630][  0]SourceControl: Source control is disabled
[2020.05.29-03.27.46:636][  0]SourceControl: Source control is disabled
[2020.05.29-03.27.46:853][  0]LogAndroidPermission: UAndroidPermissionCallbackProxy::GetInstance
[2020.05.29-03.27.46:870][  0]LogAudioCaptureCore: Display: No Audio Capture implementations found. Audio input will be silent.
[2020.05.29-03.27.46:870][  0]LogAudioCaptureCore: Display: No Audio Capture implementations found. Audio input will be silent.
[2020.05.29-03.27.46:913][  0]LogOcInput: OculusInput pre-init called
[2020.05.29-03.27.46:923][  0]LogWindows: Failed to load 'OVRPlugin.dll' (GetLastError=126)
[2020.05.29-03.27.46:923][  0]LogWindows: File 'OVRPlugin.dll' does not exist
[2020.05.29-03.27.46:976][  0]LogEngine: Initializing Engine...
[2020.05.29-03.27.46:977][  0]LogHMD: Failed to initialize OpenVR with code 110
[2020.05.29-03.27.46:977][  0]LogMagicLeap: Warning: VR disabled because ZI is not enabled.  To enable, in the editor, Edit -> Project Settings -> Plugins -> Magic Leap Plugin -> Enable Zero Iteration
[2020.05.29-03.27.46:978][  0]LogStats: UGameplayTagsManager::InitializeManager -  0.000 s
[2020.05.29-03.27.47:089][  0]LogInit: Initializing FReadOnlyCVARCache
[2020.05.29-03.27.47:097][  0]LogAIModule: Creating AISystem for world Untitled
[2020.05.29-03.27.47:097][  0]LogAISub: UAISubsystem::UAISubsystem EnvQueryManager (000001F6134A2000), frame # 0
[2020.05.29-03.27.47:097][  0]LogAISub: UAISubsystem::UAISubsystem AIPerceptionSystem (000001F613525440), frame # 0
[2020.05.29-03.27.47:116][  0]LogAudioMixer: Display: Audio Mixer Platform Settings:
[2020.05.29-03.27.47:116][  0]LogAudioMixer: Display: 	Sample Rate:						  48000
[2020.05.29-03.27.47:116][  0]LogAudioMixer: Display: 	Callback Buffer Frame Size Requested: 1024
[2020.05.29-03.27.47:116][  0]LogAudioMixer: Display: 	Callback Buffer Frame Size To Use:	  1024
[2020.05.29-03.27.47:116][  0]LogAudioMixer: Display: 	Number of buffers to queue:			  2
[2020.05.29-03.27.47:116][  0]LogAudioMixer: Display: 	Max Channels (voices):				  32
[2020.05.29-03.27.47:116][  0]LogAudioMixer: Display: 	Number of Async Source Workers:		  0
[2020.05.29-03.27.47:116][  0]LogAudio: Display: AudioDevice MaxSources: 32
[2020.05.29-03.27.47:116][  0]LogAudio: Display: Using built-in audio occlusion.
[2020.05.29-03.27.47:116][  0]LogAudioMixer: Display: Initializing audio mixer.
[2020.05.29-03.27.47:224][  0]LogAudioMixer: Display: 0: FrontLeft
[2020.05.29-03.27.47:224][  0]LogAudioMixer: Display: 1: FrontRight
[2020.05.29-03.27.47:268][  0]LogAudioMixer: Display: Using Audio Device Speakers (4- Plantronics GameCom 780)
[2020.05.29-03.27.47:271][  0]LogAudioMixer: Display: Initializing Sound Submixes...
[2020.05.29-03.27.47:274][  0]LogAudioMixer: Display: Creating Master Submix 'MasterSubmixDefault'
[2020.05.29-03.27.47:274][  0]LogAudioMixer: Display: Creating Master Submix 'MasterReverbSubmixDefault'
[2020.05.29-03.27.47:274][  0]LogAudioMixer: Display: Creating Master Submix 'MasterEQSubmixDefault'
[2020.05.29-03.27.47:275][  0]LogInit: FAudioDevice initialized.
[2020.05.29-03.27.47:275][  0]LogNetVersion: Set ProjectVersion to 1.0.0.0. Version Checksum will be recalculated on next use.
[2020.05.29-03.27.47:346][  0]LogDerivedDataCache: Saved boot cache 0.07s 104MB C:/Users/elvis/AppData/Local/UnrealEngine/4.25/DerivedDataCache/Boot.ddc.
[2020.05.29-03.27.47:346][  0]LogInit: Texture streaming: Enabled
[2020.05.29-03.27.47:361][  0]LogEngineSessionManager: EngineSessionManager initialized
[2020.05.29-03.27.47:361][  0]LogEditorSessionSummary: Verbose: Initializing EditorSessionSummaryWriter for editor session tracking
[2020.05.29-03.27.47:366][  0]LogEditorSessionSummary: EditorSessionSummaryWriter initialized
[2020.05.29-03.27.47:427][  0]LogInit: Transaction tracking system initialized
[2020.05.29-03.27.47:445][  0]BlueprintLog: New page: Editor Load
[2020.05.29-03.27.47:503][  0]LocalizationService: Localization service is disabled
[2020.05.29-03.27.47:647][  0]LogCook: Display: Max memory allowance for cook 16384mb min free memory 0mb
[2020.05.29-03.27.47:647][  0]LogCook: Display: Mobile HDR setting 1
[2020.05.29-03.27.47:763][  0]LogFileCache: Scanning file cache for directory 'C:/Users/elvis/Documents/GitHub/GameJam20/GameJam20/Tamba_Reen/Content/' took 0.01s
[2020.05.29-03.27.47:931][  0]SourceControl: Source control is disabled
[2020.05.29-03.27.47:931][  0]LogUnrealEdMisc: Loading editor; pre map load, took 6.050
[2020.05.29-03.27.47:931][  0]Cmd: MAP LOAD FILE="../../../../../../Users/elvis/Documents/GitHub/GameJam20/GameJam20/Tamba_Reen/Content/ThirdPersonBP/Maps/ThirdPersonExampleMap.umap" TEMPLATE=0 SHOWPROGRESS=1 FEATURELEVEL=3
[2020.05.29-03.27.47:931][  0]LightingResults: New page: Lighting Build
[2020.05.29-03.27.47:932][  0]LogWorld: UWorld::CleanupWorld for Untitled, bSessionEnded=true, bCleanupResources=true
[2020.05.29-03.27.47:932][  0]LogSlate: InvalidateAllWidgets triggered.  All widgets were invalidated
[2020.05.29-03.27.47:932][  0]MapCheck: New page: Map Check
[2020.05.29-03.27.47:932][  0]LightingResults: New page: Lighting Build
[2020.05.29-03.27.47:942][  0]LogAISub: UAISubsystem::~UAISubsystem EnvQueryManager (000001F6134A2000), frame # 0
[2020.05.29-03.27.47:942][  0]LogAISub: UAISubsystem::~UAISubsystem AIPerceptionSystem (000001F613525440), frame # 0
[2020.05.29-03.27.47:942][  0]LogUObjectHash: Compacting FUObjectHashTables data took   0.65ms
[2020.05.29-03.27.48:045][  0]LogLinker: Warning: While loading '../../../../../../Users/elvis/Documents/GitHub/GameJam20/GameJam20/Tamba_Reen/Content/ThirdPersonBP/Maps/ThirdPersonExampleMap.umap' failed to load '/Game/ThirdPersonBP/Maps/ThirdPersonExampleMap_BuiltData': Can't find file.
[2020.05.29-03.27.48:045][  0]LogLinker: Warning: While loading '../../../../../../Users/elvis/Documents/GitHub/GameJam20/GameJam20/Tamba_Reen/Content/ThirdPersonBP/Maps/ThirdPersonExampleMap.umap' failed to load '/Game/ThirdPersonBP/Maps/ThirdPersonExampleMap_BuiltData': Can't find file.
[2020.05.29-03.27.48:050][  0]LogLinker: Warning: While loading '../../../../../../Users/elvis/Documents/GitHub/GameJam20/GameJam20/Tamba_Reen/Content/ThirdPersonBP/Maps/ThirdPersonExampleMap.umap' failed to load '/Game/ThirdPersonBP/Maps/ThirdPersonExampleMap_BuiltData': Can't find file.
[2020.05.29-03.27.48:050][  0]LogLinker: Warning: While loading '../../../../../../Users/elvis/Documents/GitHub/GameJam20/GameJam20/Tamba_Reen/Content/ThirdPersonBP/Maps/ThirdPersonExampleMap.umap' failed to load '/Game/ThirdPersonBP/Maps/ThirdPersonExampleMap_BuiltData': Can't find file.
[2020.05.29-03.27.48:051][  0]LogLinker: Warning: Failed to load '/Game/ThirdPersonBP/Maps/ThirdPersonExampleMap_BuiltData': Can't find file.
[2020.05.29-03.27.48:051][  0]LogLinker: Warning: Failed to load '/Game/ThirdPersonBP/Maps/ThirdPersonExampleMap_BuiltData': Can't find file.
[2020.05.29-03.27.48:051][  0]LogLinker: Warning: Failed to load '/Game/ThirdPersonBP/Maps/ThirdPersonExampleMap_BuiltData': Can't find file.
[2020.05.29-03.27.48:051][  0]LogLinker: Warning: Failed to load '/Game/ThirdPersonBP/Maps/ThirdPersonExampleMap_BuiltData': Can't find file.
[2020.05.29-03.27.48:055][  0]LogLinker: Warning: While loading '../../../../../../Users/elvis/Documents/GitHub/GameJam20/GameJam20/Tamba_Reen/Content/ThirdPersonBP/Maps/ThirdPersonExampleMap.umap' failed to load '/Game/ThirdPersonBP/Maps/ThirdPersonExampleMap_BuiltData': Can't find file.
[2020.05.29-03.27.48:055][  0]LoadErrors: Failed to load /Game/ThirdPersonBP/Maps/ThirdPersonExampleMap_BuiltData.ThirdPersonExampleMap_BuiltData Referenced by PersistentLevel
[2020.05.29-03.27.48:055][  0]LogLinker: Warning: While loading '../../../../../../Users/elvis/Documents/GitHub/GameJam20/GameJam20/Tamba_Reen/Content/ThirdPersonBP/Maps/ThirdPersonExampleMap.umap' failed to load '/Game/ThirdPersonBP/Maps/ThirdPersonExampleMap_BuiltData': Can't find file.
[2020.05.29-03.27.48:056][  0]LoadErrors: Failed to load /Game/ThirdPersonBP/Maps/ThirdPersonExampleMap_BuiltData.ThirdPersonExampleMap_BuiltData Referenced by PersistentLevel
[2020.05.29-03.27.48:107][  0]LogStaticMesh: Building static mesh Tamba_Reen...
[2020.05.29-03.27.48:176][  0]LogStaticMesh: Built static mesh [0.07s] /Game/ThirdPersonBP/Assets/Tamba_Reen/Tamba_Reen.Tamba_Reen
[2020.05.29-03.27.48:209][  0]LogMaterial: Display: Missing cached shader map for material Yellow, compiling. 
[2020.05.29-03.27.48:248][  0]LogMaterial: Display: Missing cached shader map for material White, compiling. 
[2020.05.29-03.27.48:257][  0]LogShaderCompilers: Display: Worker (1/9): shaders left to compile 19
[2020.05.29-03.27.48:257][  0]LogShaderCompilers: Display: Worker (2/9): shaders left to compile 16
[2020.05.29-03.27.48:257][  0]LogShaderCompilers: Display: Worker (3/9): shaders left to compile 13
[2020.05.29-03.27.48:257][  0]LogShaderCompilers: Display: Worker (4/9): shaders left to compile 10
[2020.05.29-03.27.48:257][  0]LogShaderCompilers: Display: Worker (5/9): shaders left to compile 7
[2020.05.29-03.27.48:257][  0]LogShaderCompilers: Display: Worker (6/9): shaders left to compile 4
[2020.05.29-03.27.48:257][  0]LogShaderCompilers: Display: Worker (7/9): shaders left to compile 1
[2020.05.29-03.27.48:257][  0]LogMaterial: Display: Missing cached shader map for material Red, compiling. 
[2020.05.29-03.27.48:266][  0]LogMaterial: Display: Missing cached shader map for material lambert1, compiling. 
[2020.05.29-03.27.48:275][  0]LogMaterial: Display: Missing cached shader map for material Hat, compiling. 
[2020.05.29-03.27.48:284][  0]LogMaterial: Display: Missing cached shader map for material Black, compiling. 
[2020.05.29-03.27.48:300][  0]LogMaterial: Display: Missing cached shader map for material Beam, compiling. 
[2020.05.29-03.27.48:383][  0]LogShaderCompilers: Display: Worker (8/9): shaders left to compile 95
[2020.05.29-03.27.48:383][  0]LogShaderCompilers: Display: Worker (9/9): shaders left to compile 85
[2020.05.29-03.27.48:383][  0]LogAIModule: Creating AISystem for world ThirdPersonExampleMap
[2020.05.29-03.27.48:383][  0]LogAISub: UAISubsystem::UAISubsystem EnvQueryManager (000001F60401FE00), frame # 0
[2020.05.29-03.27.48:383][  0]LogAISub: UAISubsystem::UAISubsystem AIPerceptionSystem (000001F60409D300), frame # 0
[2020.05.29-03.27.48:388][  0]LogPhysics: Warning: Initialising Body : Scale3D is (nearly) zero: Component: '/Game/ThirdPersonBP/Maps/ThirdPersonExampleMap.ThirdPersonExampleMap:PersistentLevel.ThirdPersonCharacter_167.CharacterMesh0' Bone: 'spine_01' 
[2020.05.29-03.27.48:389][  0]LogPhysics: Warning: Initialising Body : Scale3D is (nearly) zero: Component: '/Game/ThirdPersonBP/Maps/ThirdPersonExampleMap.ThirdPersonExampleMap:PersistentLevel.ThirdPersonCharacter_167.CharacterMesh0' Bone: 'spine_02' 
[2020.05.29-03.27.48:389][  0]LogPhysics: Warning: Initialising Body : Scale3D is (nearly) zero: Component: '/Game/ThirdPersonBP/Maps/ThirdPersonExampleMap.ThirdPersonExampleMap:PersistentLevel.ThirdPersonCharacter_167.CharacterMesh0' Bone: 'pelvis' 
[2020.05.29-03.27.48:389][  0]LogPhysics: Warning: Initialising Body : Scale3D is (nearly) zero: Component: '/Game/ThirdPersonBP/Maps/ThirdPersonExampleMap.ThirdPersonExampleMap:PersistentLevel.ThirdPersonCharacter_167.CharacterMesh0' Bone: 'thigh_l' 
[2020.05.29-03.27.48:389][  0]LogPhysics: Warning: Initialising Body : Scale3D is (nearly) zero: Component: '/Game/ThirdPersonBP/Maps/ThirdPersonExampleMap.ThirdPersonExampleMap:PersistentLevel.ThirdPersonCharacter_167.CharacterMesh0' Bone: 'calf_l' 
[2020.05.29-03.27.48:389][  0]LogPhysics: Warning: Initialising Body : Scale3D is (nearly) zero: Component: '/Game/ThirdPersonBP/Maps/ThirdPersonExampleMap.ThirdPersonExampleMap:PersistentLevel.ThirdPersonCharacter_167.CharacterMesh0' Bone: 'foot_l' 
[2020.05.29-03.27.48:389][  0]LogPhysics: Warning: Initialising Body : Scale3D is (nearly) zero: Component: '/Game/ThirdPersonBP/Maps/ThirdPersonExampleMap.ThirdPersonExampleMap:PersistentLevel.ThirdPersonCharacter_167.CharacterMesh0' Bone: 'thigh_r' 
[2020.05.29-03.27.48:389][  0]LogPhysics: Warning: Initialising Body : Scale3D is (nearly) zero: Component: '/Game/ThirdPersonBP/Maps/ThirdPersonExampleMap.ThirdPersonExampleMap:PersistentLevel.ThirdPersonCharacter_167.CharacterMesh0' Bone: 'calf_r' 
[2020.05.29-03.27.48:389][  0]LogPhysics: Warning: Initialising Body : Scale3D is (nearly) zero: Component: '/Game/ThirdPersonBP/Maps/ThirdPersonExampleMap.ThirdPersonExampleMap:PersistentLevel.ThirdPersonCharacter_167.CharacterMesh0' Bone: 'foot_r' 
[2020.05.29-03.27.48:389][  0]LogPhysics: Warning: Initialising Body : Scale3D is (nearly) zero: Component: '/Game/ThirdPersonBP/Maps/ThirdPersonExampleMap.ThirdPersonExampleMap:PersistentLevel.ThirdPersonCharacter_167.CharacterMesh0' Bone: 'upperarm_r' 
[2020.05.29-03.27.48:389][  0]LogPhysics: Warning: Initialising Body : Scale3D is (nearly) zero: Component: '/Game/ThirdPersonBP/Maps/ThirdPersonExampleMap.ThirdPersonExampleMap:PersistentLevel.ThirdPersonCharacter_167.CharacterMesh0' Bone: 'lowerarm_r' 
[2020.05.29-03.27.48:389][  0]LogPhysics: Warning: Initialising Body : Scale3D is (nearly) zero: Component: '/Game/ThirdPersonBP/Maps/ThirdPersonExampleMap.ThirdPersonExampleMap:PersistentLevel.ThirdPersonCharacter_167.CharacterMesh0' Bone: 'hand_r' 
[2020.05.29-03.27.48:389][  0]LogPhysics: Warning: Initialising Body : Scale3D is (nearly) zero: Component: '/Game/ThirdPersonBP/Maps/ThirdPersonExampleMap.ThirdPersonExampleMap:PersistentLevel.ThirdPersonCharacter_167.CharacterMesh0' Bone: 'upperarm_l' 
[2020.05.29-03.27.48:389][  0]LogPhysics: Warning: Initialising Body : Scale3D is (nearly) zero: Component: '/Game/ThirdPersonBP/Maps/ThirdPersonExampleMap.ThirdPersonExampleMap:PersistentLevel.ThirdPersonCharacter_167.CharacterMesh0' Bone: 'lowerarm_l' 
[2020.05.29-03.27.48:389][  0]LogPhysics: Warning: Initialising Body : Scale3D is (nearly) zero: Component: '/Game/ThirdPersonBP/Maps/ThirdPersonExampleMap.ThirdPersonExampleMap:PersistentLevel.ThirdPersonCharacter_167.CharacterMesh0' Bone: 'hand_l' 
[2020.05.29-03.27.48:389][  0]LogPhysics: Warning: Initialising Body : Scale3D is (nearly) zero: Component: '/Game/ThirdPersonBP/Maps/ThirdPersonExampleMap.ThirdPersonExampleMap:PersistentLevel.ThirdPersonCharacter_167.CharacterMesh0' Bone: 'neck_01' 
[2020.05.29-03.27.48:389][  0]LogPhysics: Warning: Initialising Body : Scale3D is (nearly) zero: Component: '/Game/ThirdPersonBP/Maps/ThirdPersonExampleMap.ThirdPersonExampleMap:PersistentLevel.ThirdPersonCharacter_167.CharacterMesh0' Bone: 'head' 
[2020.05.29-03.27.48:389][  0]LogPhysics: Warning: Initialising Body : Scale3D is (nearly) zero: Component: '/Game/ThirdPersonBP/Maps/ThirdPersonExampleMap.ThirdPersonExampleMap:PersistentLevel.ThirdPersonCharacter_167.CharacterMesh0' Bone: 'ball_r' 
[2020.05.29-03.27.48:389][  0]LogPhysics: Warning: Initialising Body : Scale3D is (nearly) zero: Component: '/Game/ThirdPersonBP/Maps/ThirdPersonExampleMap.ThirdPersonExampleMap:PersistentLevel.ThirdPersonCharacter_167.CharacterMesh0' Bone: 'ball_l' 
[2020.05.29-03.27.48:392][  0]LogEditorServer: Finished looking for orphan Actors (0.000 secs)
[2020.05.29-03.27.48:407][  0]LogUObjectHash: Compacting FUObjectHashTables data took   1.25ms
[2020.05.29-03.27.48:407][  0]Cmd: MAP CHECKDEP NOCLEARLOG
[2020.05.29-03.27.48:407][  0]MapCheck: Map check complete: 0 Error(s), 0 Warning(s), took 0.189ms to complete.
[2020.05.29-03.27.48:407][  0]LogFileHelpers: Loading map 'ThirdPersonExampleMap' took 0.476
[2020.05.29-03.27.48:410][  0]LogUnrealEdMisc: Total Editor Startup Time, took 6.529
[2020.05.29-03.27.48:567][  0]LogSlate: Updating window title bar state: overlay mode, drag disabled, window buttons hidden, title bar hidden
[2020.05.29-03.27.48:579][  0]LogSlate: Updating window title bar state: overlay mode, drag disabled, window buttons hidden, title bar hidden
[2020.05.29-03.27.48:592][  0]LogSlate: Updating window title bar state: overlay mode, drag disabled, window buttons hidden, title bar hidden
[2020.05.29-03.27.48:605][  0]LogSlate: Updating window title bar state: overlay mode, drag disabled, window buttons hidden, title bar hidden
[2020.05.29-03.27.48:617][  0]LogCollectionManager: Loaded 0 collections in 0.001451 seconds
[2020.05.29-03.27.48:649][  0]LogFileCache: Scanning file cache for directory 'C:/Users/elvis/Documents/GitHub/GameJam20/GameJam20/Tamba_Reen/Saved/Collections/' took 0.00s
[2020.05.29-03.27.48:649][  0]LogFileCache: Scanning file cache for directory 'C:/Users/elvis/Documents/GitHub/GameJam20/GameJam20/Tamba_Reen/Content/Developers/elvis/Collections/' took 0.00s
[2020.05.29-03.27.48:649][  0]LogFileCache: Scanning file cache for directory 'C:/Users/elvis/Documents/GitHub/GameJam20/GameJam20/Tamba_Reen/Content/Collections/' took 0.00s
[2020.05.29-03.27.48:649][  0]LogContentBrowser: Native class hierarchy populated in 0.0197 seconds. Added 3426 classes and 820 folders.
[2020.05.29-03.27.48:653][  0]LogContentBrowser: Native class hierarchy updated for 'WidgetCarousel' in 0.0004 seconds. Added 0 classes and 0 folders.
[2020.05.29-03.27.48:748][  0]LogShaderCompilers: Display: Worker (7/9): shaders left to compile 130
[2020.05.29-03.27.48:748][  0]LogContentBrowser: Native class hierarchy updated for 'AddContentDialog' in 0.0004 seconds. Added 0 classes and 0 folders.
[2020.05.29-03.27.48:751][  0]LogContentBrowser: Native class hierarchy updated for 'SceneOutliner' in 0.0005 seconds. Added 2 classes and 0 folders.
[2020.05.29-03.27.48:819][  0]LogSlate: Took 0.000246 seconds to synchronously load lazily loaded font '../../../Engine/Content/Slate/Fonts/Roboto-Regular.ttf' (155K)
[2020.05.29-03.27.48:824][  0]LogSlate: Took 0.000361 seconds to synchronously load lazily loaded font '../../../Engine/Content/Slate/Fonts/Roboto-Bold.ttf' (160K)
[2020.05.29-03.27.48:834][  0]LogSlate: Took 0.000310 seconds to synchronously load lazily loaded font '../../../Engine/Content/Editor/Slate/Fonts/FontAwesome.ttf' (139K)
[2020.05.29-03.27.48:939][  0]LogRenderer: Reallocating scene render targets to support 1096x544 Format 10 NumSamples 1 (Frame:1).
[2020.05.29-03.27.49:710][  0]LogShaderCompilers: Display: Worker (1/9): shaders left to compile 120
[2020.05.29-03.27.49:718][  0]LogContentBrowser: Native class hierarchy updated for 'HierarchicalLODOutliner' in 0.0004 seconds. Added 0 classes and 0 folders.
[2020.05.29-03.27.49:718][  0]LogLoad: (Engine Initialization) Total time: 7.84 seconds
[2020.05.29-03.27.49:718][  0]LogLoad: (Engine Initialization) Total Blueprint compile time: 0.00 seconds
[2020.05.29-03.27.49:788][  0]LogContentStreaming: Texture pool size now 1000 MB
[2020.05.29-03.27.49:830][  0]LogShaderCompilers: Display: Worker (6/9): shaders left to compile 110
[2020.05.29-03.27.49:957][  0]LogSlate: Took 0.000281 seconds to synchronously load lazily loaded font '../../../Engine/Content/Slate/Fonts/Roboto-Light.ttf' (167K)
[2020.05.29-03.27.49:965][  0]LogSlate: Took 0.000258 seconds to synchronously load lazily loaded font '../../../Engine/Content/Slate/Fonts/DroidSansMono.ttf' (77K)
[2020.05.29-03.27.49:998][  1]LogAssetRegistry: Asset discovery search completed in 4.5046 seconds
[2020.05.29-03.27.50:006][  1]LogCollectionManager: Fixed up redirectors for 0 collections in 0.000004 seconds (updated 0 objects)
[2020.05.29-03.27.50:334][  3]LogShaderCompilers: Display: Worker (2/9): shaders left to compile 100
[2020.05.29-03.27.50:596][  4]LogShaderCompilers: Display: Worker (3/9): shaders left to compile 90
[2020.05.29-03.27.50:678][  4]LogShaderCompilers: Display: Worker (4/9): shaders left to compile 80
[2020.05.29-03.27.50:706][  5]LogShaderCompilers: Display: Worker (5/9): shaders left to compile 70
[2020.05.29-03.27.51:329][  9]LogD3D11RHI: Timed out while waiting for GPU to catch up. (0.5 s) (ErrorCode 00000001)
[2020.05.29-03.27.51:829][  9]LogD3D11RHI: Timed out while waiting for GPU to catch up. (0.5 s) (ErrorCode 00000001)
[2020.05.29-03.27.52:331][  9]LogD3D11RHI: Timed out while waiting for GPU to catch up. (0.5 s) (ErrorCode 00000001)
[2020.05.29-03.27.52:833][  9]LogD3D11RHI: Timed out while waiting for GPU to catch up. (0.5 s) (ErrorCode 00000001)
[2020.05.29-03.27.53:978][ 70]LogShaderCompilers: Display: Worker (7/9): shaders left to compile 61
[2020.05.29-03.27.54:069][ 75]LogShaderCompilers: Display: Worker (8/9): shaders left to compile 53
[2020.05.29-03.27.54:069][ 75]LogShaderCompilers: Display: Worker (1/9): shaders left to compile 46
[2020.05.29-03.27.54:576][105]LogShaderCompilers: Display: Worker (4/9): shaders left to compile 40
[2020.05.29-03.27.54:847][121]LogShaderCompilers: Display: Worker (2/9): shaders left to compile 34
[2020.05.29-03.27.55:659][169]LogShaderCompilers: Display: Worker (6/9): shaders left to compile 29
[2020.05.29-03.27.55:968][188]LogShaderCompilers: Display: Worker (5/9): shaders left to compile 25
[2020.05.29-03.27.55:999][190]LogShaderCompilers: Display: Worker (3/9): shaders left to compile 21
[2020.05.29-03.27.56:532][222]LogShaderCompilers: Display: Worker (1/9): shaders left to compile 18
[2020.05.29-03.27.56:733][234]LogShaderCompilers: Display: Worker (3/9): shaders left to compile 15
[2020.05.29-03.27.56:961][246]LogShaderCompilers: Display: Worker (2/9): shaders left to compile 13
[2020.05.29-03.27.57:145][257]LogShaderCompilers: Display: Worker (8/9): shaders left to compile 11
[2020.05.29-03.27.57:212][261]LogShaderCompilers: Display: Worker (6/9): shaders left to compile 9
[2020.05.29-03.27.57:292][266]LogShaderCompilers: Display: Worker (4/9): shaders left to compile 7
[2020.05.29-03.27.57:355][269]LogShaderCompilers: Display: Worker (7/9): shaders left to compile 6
[2020.05.29-03.27.57:810][295]LogShaderCompilers: Display: Worker (1/9): shaders left to compile 5
[2020.05.29-03.27.57:875][300]LogShaderCompilers: Display: Worker (5/9): shaders left to compile 4
[2020.05.29-03.27.57:924][303]LogShaderCompilers: Display: Worker (3/9): shaders left to compile 3
[2020.05.29-03.27.57:958][305]LogShaderCompilers: Display: Worker (2/9): shaders left to compile 2
[2020.05.29-03.27.57:992][307]LogShaderCompilers: Display: Worker (4/9): shaders left to compile 1
[2020.05.29-03.27.59:278][341]LogRenderer: Reallocating scene render targets to support 1104x552 Format 10 NumSamples 1 (Frame:335).
[2020.05.29-03.28.01:805][445]LogRenderer: Reallocating scene render targets to support 1836x1004 Format 10 NumSamples 1 (Frame:432).
